# JRE version: 7.0_25-b17
# Java VM: Java HotSpot(TM) 64-Bit Server VM (23.25-b01 mixed mode windows-amd64 compressed oops)
Heap
 PSYoungGen      total 18688K, used 14728K [0x00000000eaab0000, 0x00000000ecf30000, 0x0000000100000000)
  eden space 16064K, 75% used [0x00000000eaab0000,0x00000000eb6899f8,0x00000000eba60000)
  from space 2624K, 98% used [0x00000000ebcf0000,0x00000000ebf789b8,0x00000000ebf80000)
  to   space 2624K, 0% used [0x00000000eba60000,0x00000000eba60000,0x00000000ebcf0000)
 ParOldGen       total 42752K, used 15000K [0x00000000c0000000, 0x00000000c29c0000, 0x00000000eaab0000)
  object space 42752K, 35% used [0x00000000c0000000,0x00000000c0ea6070,0x00000000c29c0000)
 PSPermGen       total 21248K, used 7133K [0x00000000bae00000, 0x00000000bc2c0000, 0x00000000c0000000)
  object space 21248K, 33% used [0x00000000bae00000,0x00000000bb4f76a8,0x00000000bc2c0000)
GC Heap History (8 events):
Event: 1.307 GC heap before
{Heap before GC invocations=1 (full 0):
 PSYoungGen      total 18688K, used 16064K [0x00000000eaab0000, 0x00000000ebf80000, 0x0000000100000000)
  eden space 16064K, 100% used [0x00000000eaab0000,0x00000000eba60000,0x00000000eba60000)
  from space 2624K, 0% used [0x00000000ebcf0000,0x00000000ebcf0000,0x00000000ebf80000)
  to   space 2624K, 0% used [0x00000000eba60000,0x00000000eba60000,0x00000000ebcf0000)
 ParOldGen       total 42752K, used 0K [0x00000000c0000000, 0x00000000c29c0000, 0x00000000eaab0000)
  object space 42752K, 0% used [0x00000000c0000000,0x00000000c0000000,0x00000000c29c0000)
 PSPermGen       total 21248K, used 5091K [0x00000000bae00000, 0x00000000bc2c0000, 0x00000000c0000000)
  object space 21248K, 23% used [0x00000000bae00000,0x00000000bb2f8e20,0x00000000bc2c0000)
Event: 1.314 GC heap after
Heap after GC invocations=1 (full 0):
 PSYoungGen      total 18688K, used 2608K [0x00000000eaab0000, 0x00000000ebf80000, 0x0000000100000000)
  eden space 16064K, 0% used [0x00000000eaab0000,0x00000000eaab0000,0x00000000eba60000)
  from space 2624K, 99% used [0x00000000eba60000,0x00000000ebcec028,0x00000000ebcf0000)
  to   space 2624K, 0% used [0x00000000ebcf0000,0x00000000ebcf0000,0x00000000ebf80000)
 ParOldGen       total 42752K, used 1860K [0x00000000c0000000, 0x00000000c29c0000, 0x00000000eaab0000)
  object space 42752K, 4% used [0x00000000c0000000,0x00000000c01d1378,0x00000000c29c0000)
 PSPermGen       total 21248K, used 5091K [0x00000000bae00000, 0x00000000bc2c0000, 0x00000000c0000000)
  object space 21248K, 23% used [0x00000000bae00000,0x00000000bb2f8e20,0x00000000bc2c0000)
}
Event: 2.554 GC heap before
{Heap before GC invocations=2 (full 0):
 PSYoungGen      total 18688K, used 18672K [0x00000000eaab0000, 0x00000000ebf80000, 0x0000000100000000)
  eden space 16064K, 100% used [0x00000000eaab0000,0x00000000eba60000,0x00000000eba60000)
  from space 2624K, 99% used [0x00000000eba60000,0x00000000ebcec028,0x00000000ebcf0000)
  to   space 2624K, 0% used [0x00000000ebcf0000,0x00000000ebcf0000,0x00000000ebf80000)
 ParOldGen       total 42752K, used 1860K [0x00000000c0000000, 0x00000000c29c0000, 0x00000000eaab0000)
  object space 42752K, 4% used [0x00000000c0000000,0x00000000c01d1378,0x00000000c29c0000)
 PSPermGen       total 21248K, used 7068K [0x00000000bae00000, 0x00000000bc2c0000, 0x00000000c0000000)
  object space 21248K, 33% used [0x00000000bae00000,0x00000000bb4e72d0,0x00000000bc2c0000)
Event: 2.561 GC heap after
Heap after GC invocations=2 (full 0):
 PSYoungGen      total 18688K, used 2595K [0x00000000eaab0000, 0x00000000ebf80000, 0x0000000100000000)
  eden space 16064K, 0% used [0x00000000eaab0000,0x00000000eaab0000,0x00000000eba60000)
  from space 2624K, 98% used [0x00000000ebcf0000,0x00000000ebf78e18,0x00000000ebf80000)
  to   space 2624K, 0% used [0x00000000eba60000,0x00000000eba60000,0x00000000ebcf0000)
 ParOldGen       total 42752K, used 5150K [0x00000000c0000000, 0x00000000c29c0000, 0x00000000eaab0000)
  object space 42752K, 12% used [0x00000000c0000000,0x00000000c0507910,0x00000000c29c0000)
 PSPermGen       total 21248K, used 7068K [0x00000000bae00000, 0x00000000bc2c0000, 0x00000000c0000000)
  object space 21248K, 33% used [0x00000000bae00000,0x00000000bb4e72d0,0x00000000bc2c0000)
}
Event: 2.882 GC heap before
{Heap before GC invocations=3 (full 0):
 PSYoungGen      total 18688K, used 18494K [0x00000000eaab0000, 0x00000000ebf80000, 0x0000000100000000)
  eden space 16064K, 98% used [0x00000000eaab0000,0x00000000eba36c78,0x00000000eba60000)
  from space 2624K, 98% used [0x00000000ebcf0000,0x00000000ebf78e18,0x00000000ebf80000)
  to   space 2624K, 0% used [0x00000000eba60000,0x00000000eba60000,0x00000000ebcf0000)
 ParOldGen       total 42752K, used 5150K [0x00000000c0000000, 0x00000000c29c0000, 0x00000000eaab0000)
  object space 42752K, 12% used [0x00000000c0000000,0x00000000c0507910,0x00000000c29c0000)
 PSPermGen       total 21248K, used 7109K [0x00000000bae00000, 0x00000000bc2c0000, 0x00000000c0000000)
  object space 21248K, 33% used [0x00000000bae00000,0x00000000bb4f14d8,0x00000000bc2c0000)
Event: 2.886 GC heap after
Heap after GC invocations=3 (full 0):
 PSYoungGen      total 18688K, used 2610K [0x00000000eaab0000, 0x00000000ebf80000, 0x0000000100000000)
  eden space 16064K, 0% used [0x00000000eaab0000,0x00000000eaab0000,0x00000000eba60000)
  from space 2624K, 99% used [0x00000000eba60000,0x00000000ebcec9a8,0x00000000ebcf0000)
  to   space 2624K, 0% used [0x00000000ebcf0000,0x00000000ebcf0000,0x00000000ebf80000)
 ParOldGen       total 42752K, used 8142K [0x00000000c0000000, 0x00000000c29c0000, 0x00000000eaab0000)
  object space 42752K, 19% used [0x00000000c0000000,0x00000000c07f3b10,0x00000000c29c0000)
 PSPermGen       total 21248K, used 7109K [0x00000000bae00000, 0x00000000bc2c0000, 0x00000000c0000000)
  object space 21248K, 33% used [0x00000000bae00000,0x00000000bb4f14d8,0x00000000bc2c0000)
}
Event: 2.985 GC heap before
{Heap before GC invocations=4 (full 0):
 PSYoungGen      total 18688K, used 18674K [0x00000000eaab0000, 0x00000000ebf80000, 0x0000000100000000)
  eden space 16064K, 100% used [0x00000000eaab0000,0x00000000eba60000,0x00000000eba60000)
  from space 2624K, 99% used [0x00000000eba60000,0x00000000ebcec9a8,0x00000000ebcf0000)
  to   space 2624K, 0% used [0x00000000ebcf0000,0x00000000ebcf0000,0x00000000ebf80000)
 ParOldGen       total 42752K, used 8142K [0x00000000c0000000, 0x00000000c29c0000, 0x00000000eaab0000)
  object space 42752K, 19% used [0x00000000c0000000,0x00000000c07f3b10,0x00000000c29c0000)
 PSPermGen       total 21248K, used 7131K [0x00000000bae00000, 0x00000000bc2c0000, 0x00000000c0000000)
  object space 21248K, 33% used [0x00000000bae00000,0x00000000bb4f6db8,0x00000000bc2c0000)
Event: 2.993 GC heap after
Heap after GC invocations=4 (full 0):
 PSYoungGen      total 18688K, used 2594K [0x00000000eaab0000, 0x00000000ecf30000, 0x0000000100000000)
  eden space 16064K, 0% used [0x00000000eaab0000,0x00000000eaab0000,0x00000000eba60000)
  from space 2624K, 98% used [0x00000000ebcf0000,0x00000000ebf789b8,0x00000000ebf80000)
  to   space 2624K, 0% used [0x00000000eba60000,0x00000000eba60000,0x00000000ebcf0000)
 ParOldGen       total 42752K, used 15000K [0x00000000c0000000, 0x00000000c29c0000, 0x00000000eaab0000)
  object space 42752K, 35% used [0x00000000c0000000,0x00000000c0ea6070,0x00000000c29c0000)
 PSPermGen       total 21248K, used 7131K [0x00000000bae00000, 0x00000000bc2c0000, 0x00000000c0000000)
  object space 21248K, 33% used [0x00000000bae00000,0x00000000bb4f6db8,0x00000000bc2c0000)
}

